<?xml version="1.0" encoding="utf-8" standalone="no"?>
<test-run id="0" runstate="Runnable" testcasecount="0" result="Failed" label="Invalid" total="0" passed="0" failed="0" inconclusive="0" skipped="0" asserts="0" engine-version="3.11.1.0" clr-version="4.0.30319.42000" start-time="2020-12-18 20:45:06Z" end-time="2020-12-18 20:45:06Z" duration="0.271954">
  <command-line><![CDATA[nunit3-console  test]]></command-line>
  <test-suite type="Unknown" id="0-1" name="test" fullname="D:\eprakse azure\d41-KristapsDruva-eprakse\automatization\test" testcasecount="0" runstate="NotRunnable" result="Failed" label="Invalid">
    <properties>
      <property name="_SKIPREASON" value="File not found: D:\eprakse azure\d41-KristapsDruva-eprakse\automatization\test" />
    </properties>
    <reason>
      <message>File not found: D:\eprakse azure\d41-KristapsDruva-eprakse\automatization\test</message>
    </reason>
  </test-suite>
</test-run>